build/outputs/logs/manifest-merger-debug-report.txt
-- Merging decision tree log ---
manifest
ADDED from Projects\Nalanda 9-8-19\AndroidManifest.xml:2:1-560:12
	package
		ADDED from Projects\Nalanda 9-8-19\AndroidManifest.xml:4:5-40
		INJECTED from Projects\Nalanda 9-8-19\AndroidManifest.xml
		INJECTED from Projects\Nalanda 9-8-19\AndroidManifest.xml
	android:versionName
		INJECTED from Projects\Nalanda 9-8-19\AndroidManifest.xml
		INJECTED from Projects\Nalanda 9-8-19\AndroidManifest.xml
	xmlns:tools
		ADDED from Projects\Nalanda 9-8-19\AndroidManifest.xml:3:5-51
	xmlns:android
		ADDED from Projects\Nalanda 9-8-19\AndroidManifest.xml:2:11-69
	android:versionCode
		INJECTED from Projects\Nalanda 9-8-19\AndroidManifest.xml
		INJECTED from Projects\Nalanda 9-8-19\AndroidManifest.xml
uses-permission#android.permission.ACCESS_NETWORK_STATE
ADDED from Projects\Nalanda 9-8-19\AndroidManifest.xml:6:5-79
MERGED from [com.google.android.gms:play-services-ads-lite:10.2.1] AndroidManifest.xml:20:5-78
MERGED from [com.google.android.gms:play-services-nearby:10.2.1] AndroidManifest.xml:4:5-78
MERGED from [com.google.android.gms:play-services-tagmanager-api:10.2.1] AndroidManifest.xml:21:5-78
MERGED from [com.google.firebase:firebase-analytics:10.2.1] AndroidManifest.xml:21:5-78
MERGED from [com.google.firebase:firebase-analytics-impl:10.2.1] AndroidManifest.xml:21:5-78
MERGED from [com.google.firebase:firebase-iid:10.2.1] AndroidManifest.xml:19:5-78
MERGED from [com.google.android.gms:play-services-maps:10.2.1] AndroidManifest.xml:19:5-78
MERGED from [com.google.android.gms:play-services-analytics:10.2.1] AndroidManifest.xml:21:5-78
MERGED from [com.google.android.gms:play-services-analytics-impl:10.2.1] AndroidManifest.xml:21:5-78
	android:name
		ADDED from Projects\Nalanda 9-8-19\AndroidManifest.xml:6:22-76
uses-permission#android.permission.INTERNET
ADDED from Projects\Nalanda 9-8-19\AndroidManifest.xml:7:5-67
MERGED from [com.google.android.gms:play-services-ads-lite:10.2.1] AndroidManifest.xml:19:5-66
MERGED from [com.google.android.gms:play-services-appinvite:10.2.1] AndroidManifest.xml:18:5-66
MERGED from [com.google.firebase:firebase-crash:10.2.1] AndroidManifest.xml:18:5-66
MERGED from [com.google.android.gms:play-services-tagmanager-api:10.2.1] AndroidManifest.xml:20:5-66
MERGED from [com.google.firebase:firebase-analytics:10.2.1] AndroidManifest.xml:20:5-66
MERGED from [com.google.firebase:firebase-analytics-impl:10.2.1] AndroidManifest.xml:20:5-66
MERGED from [com.google.firebase:firebase-iid:10.2.1] AndroidManifest.xml:20:5-66
MERGED from [com.google.android.gms:play-services-maps:10.2.1] AndroidManifest.xml:20:5-66
MERGED from [com.google.android.gms:play-services-analytics:10.2.1] AndroidManifest.xml:20:5-66
MERGED from [com.google.android.gms:play-services-analytics-impl:10.2.1] AndroidManifest.xml:20:5-66
MERGED from [com.google.android.gms:play-services-gcm:10.2.1] AndroidManifest.xml:21:5-66
MERGED from [com.google.android.gms:play-services-iid:10.2.1] AndroidManifest.xml:21:5-66
	android:name
		ADDED from Projects\Nalanda 9-8-19\AndroidManifest.xml:7:22-64
uses-permission#android.permission.WRITE_EXTERNAL_STORAGE
ADDED from Projects\Nalanda 9-8-19\AndroidManifest.xml:8:5-81
	android:name
		ADDED from Projects\Nalanda 9-8-19\AndroidManifest.xml:8:22-78
uses-permission#android.permission.READ_EXTERNAL_STORAGE
ADDED from Projects\Nalanda 9-8-19\AndroidManifest.xml:9:5-80
	android:name
		ADDED from Projects\Nalanda 9-8-19\AndroidManifest.xml:9:22-77
uses-permission#android.permission.READ_
ADDED from Projects\Nalanda 9-8-19\AndroidManifest.xml:10:5-64
	android:name
		ADDED from Projects\Nalanda 9-8-19\AndroidManifest.xml:10:22-61
uses-permission#android.permission.GET_TASKS
ADDED from Projects\Nalanda 9-8-19\AndroidManifest.xml:11:5-68
	android:name
		ADDED from Projects\Nalanda 9-8-19\AndroidManifest.xml:11:22-65
uses-permission#android.permission.VIBRATE
ADDED from Projects\Nalanda 9-8-19\AndroidManifest.xml:12:5-66
	android:name
		ADDED from Projects\Nalanda 9-8-19\AndroidManifest.xml:12:22-63
uses-permission#com.google.android.c2dm.permission.RECEIVE
ADDED from Projects\Nalanda 9-8-19\AndroidManifest.xml:13:5-82
MERGED from [com.google.firebase:firebase-iid:10.2.1] AndroidManifest.xml:22:5-81
MERGED from [com.google.android.gms:play-services-gcm:10.2.1] AndroidManifest.xml:20:5-81
MERGED from [com.google.android.gms:play-services-iid:10.2.1] AndroidManifest.xml:20:5-81
	android:name
		ADDED from Projects\Nalanda 9-8-19\AndroidManifest.xml:13:22-79
uses-permission#android.permission.CAMERA
ADDED from Projects\Nalanda 9-8-19\AndroidManifest.xml:14:5-65
	android:name
		ADDED from Projects\Nalanda 9-8-19\AndroidManifest.xml:14:22-62
uses-permission#android.permission.READ_PHONE_NUMBERS
ADDED from Projects\Nalanda 9-8-19\AndroidManifest.xml:15:5-77
	android:name
		ADDED from Projects\Nalanda 9-8-19\AndroidManifest.xml:15:22-74
uses-permission#android.permission.READ_PHONE_STATE
ADDED from Projects\Nalanda 9-8-19\AndroidManifest.xml:16:5-75
	android:name
		ADDED from Projects\Nalanda 9-8-19\AndroidManifest.xml:16:22-72
uses-feature#android.hardware.camera
ADDED from Projects\Nalanda 9-8-19\AndroidManifest.xml:19:5-21:36
	android:required
		ADDED from Projects\Nalanda 9-8-19\AndroidManifest.xml:21:9-33
	android:name
		ADDED from Projects\Nalanda 9-8-19\AndroidManifest.xml:20:9-47
uses-feature#android.hardware.camera.front
ADDED from Projects\Nalanda 9-8-19\AndroidManifest.xml:22:5-24:36
	android:required
		ADDED from Projects\Nalanda 9-8-19\AndroidManifest.xml:24:9-33
	android:name
		ADDED from Projects\Nalanda 9-8-19\AndroidManifest.xml:23:9-53
uses-permission#com.mac.apps.nalanda.permission.C2D_MESSAGE
ADDED from Projects\Nalanda 9-8-19\AndroidManifest.xml:26:5-28:47
	android:protectionLevel
		ADDED from Projects\Nalanda 9-8-19\AndroidManifest.xml:28:9-44
	android:name
		ADDED from Projects\Nalanda 9-8-19\AndroidManifest.xml:27:9-67
supports-screens
ADDED from Projects\Nalanda 9-8-19\AndroidManifest.xml:30:5-35:40
	android:largeScreens
		ADDED from Projects\Nalanda 9-8-19\AndroidManifest.xml:32:9-36
	android:smallScreens
		ADDED from Projects\Nalanda 9-8-19\AndroidManifest.xml:34:9-36
	android:normalScreens
		ADDED from Projects\Nalanda 9-8-19\AndroidManifest.xml:33:9-37
	android:xlargeScreens
		ADDED from Projects\Nalanda 9-8-19\AndroidManifest.xml:35:9-37
	android:anyDensity
		ADDED from Projects\Nalanda 9-8-19\AndroidManifest.xml:31:9-34
uses-feature#0x00020000
ADDED from Projects\Nalanda 9-8-19\AndroidManifest.xml:37:5-39:35
MERGED from [com.google.android.gms:play-services-maps:10.2.1] AndroidManifest.xml:21:5-77
	android:glEsVersion
		ADDED from Projects\Nalanda 9-8-19\AndroidManifest.xml:38:9-41
	android:required
		ADDED from Projects\Nalanda 9-8-19\AndroidManifest.xml:39:9-32
application
ADDED from Projects\Nalanda 9-8-19\AndroidManifest.xml:41:5-558:19
MERGED from [com.android.support:design:28.0.0] AndroidManifest.xml:22:5-20
MERGED from [com.google.firebase:firebase-core:10.2.1] AndroidManifest.xml:5:5-20
MERGED from [com.google.android.gms:play-services:10.2.1] AndroidManifest.xml:5:5-20
MERGED from [com.google.android.gms:play-services-ads-lite:10.2.1] AndroidManifest.xml:23:5-27:19
MERGED from [com.google.android.gms:play-services-appinvite:10.2.1] AndroidManifest.xml:19:5-26:19
MERGED from [com.google.android.gms:play-services-cast-framework:10.2.1] AndroidManifest.xml:4:5-8:19
MERGED from [com.google.android.gms:play-services-cast:10.2.1] AndroidManifest.xml:18:5-19
MERGED from [com.android.support:mediarouter-v7:24.0.0] AndroidManifest.xml:22:5-20
MERGED from [com.android.support:palette-v7:24.0.0] AndroidManifest.xml:22:5-23:19
MERGED from [com.google.android.gms:play-services-clearcut:10.2.1] AndroidManifest.xml:18:5-19
MERGED from [com.google.firebase:firebase-config:10.2.1] AndroidManifest.xml:18:5-19
MERGED from [com.google.android.gms:play-services-awareness:10.2.1] AndroidManifest.xml:18:5-19
MERGED from [com.google.firebase:firebase-crash:10.2.1] AndroidManifest.xml:22:5-23:19
MERGED from [com.google.firebase:firebase-auth:10.2.1] AndroidManifest.xml:19:5-20:19
MERGED from [com.google.firebase:firebase-messaging:10.2.1] AndroidManifest.xml:19:5-29:19
MERGED from [com.google.android.gms:play-services-fitness:10.2.1] AndroidManifest.xml:18:5-19
MERGED from [com.google.android.gms:play-services-games:10.2.1] AndroidManifest.xml:18:5-19
MERGED from [com.google.android.gms:play-services-drive:10.2.1] AndroidManifest.xml:18:5-19
MERGED from [com.google.android.gms:play-services-gass:10.2.1] AndroidManifest.xml:4:5-19
MERGED from [com.google.firebase:firebase-appindexing:10.2.1] AndroidManifest.xml:18:5-19
MERGED from [com.google.android.gms:play-services-location:10.2.1] AndroidManifest.xml:4:5-19
MERGED from [com.google.android.gms:play-services-nearby:10.2.1] AndroidManifest.xml:5:5-19
MERGED from [com.google.android.gms:play-services-panorama:10.2.1] AndroidManifest.xml:18:5-19
MERGED from [com.google.android.gms:play-services-places:10.2.1] AndroidManifest.xml:18:5-19
MERGED from [com.google.android.gms:play-services-plus:10.2.1] AndroidManifest.xml:18:5-19
MERGED from [com.google.android.gms:play-services-safetynet:10.2.1] AndroidManifest.xml:18:5-19
MERGED from [com.google.android.gms:play-services-tagmanager-api:10.2.1] AndroidManifest.xml:23:5-33:19
MERGED from [com.google.firebase:firebase-analytics:10.2.1] AndroidManifest.xml:24:5-33:19
MERGED from [com.google.firebase:firebase-analytics-impl:10.2.1] AndroidManifest.xml:24:5-28:19
MERGED from [com.google.firebase:firebase-iid:10.2.1] AndroidManifest.xml:28:5-49:19
MERGED from [com.google.firebase:firebase-common:10.2.1] AndroidManifest.xml:4:5-7:19
MERGED from [com.google.android.gms:play-services-vision:10.2.1] AndroidManifest.xml:4:5-19
MERGED from [com.google.android.gms:play-services-identity:10.2.1] AndroidManifest.xml:18:5-19
MERGED from [com.google.android.gms:play-services-maps:10.2.1] AndroidManifest.xml:24:5-19
MERGED from [com.google.android.gms:play-services-wearable:10.2.1] AndroidManifest.xml:18:5-19
MERGED from [com.google.android.gms:play-services-analytics:10.2.1] AndroidManifest.xml:26:5-19
MERGED from [com.google.android.gms:play-services-tagmanager-v4-impl:10.2.1] AndroidManifest.xml:19:5-19
MERGED from [com.google.android.gms:play-services-analytics-impl:10.2.1] AndroidManifest.xml:26:5-19
MERGED from [com.google.android.gms:play-services-auth:10.2.1] AndroidManifest.xml:19:5-25:19
MERGED from [com.google.android.gms:play-services-gcm:10.2.1] AndroidManifest.xml:23:5-19
MERGED from [com.google.android.gms:play-services-iid:10.2.1] AndroidManifest.xml:23:5-19
MERGED from [com.google.android.gms:play-services-base:10.2.1] AndroidManifest.xml:18:5-20:19
MERGED from [com.google.android.gms:play-services-tasks:10.2.1] AndroidManifest.xml:4:5-19
MERGED from [com.google.android.gms:play-services-basement:10.2.1] AndroidManifest.xml:19:5-21:19
MERGED from [com.android.support.constraint:constraint-layout:1.0.2] AndroidManifest.xml:9:5-20
MERGED from [at.blogc:expandabletextview:1.0.5] AndroidManifest.xml:26:5-20
MERGED from [com.android.support:support-compat:28.0.0] AndroidManifest.xml:22:5-94
MERGED from [com.android.support:versionedparcelable:28.0.0] AndroidManifest.xml:22:5-23:19
MERGED from [de.hdodenhof:circleimageview:2.2.0] AndroidManifest.xml:9:5-20
	android:label
		ADDED from Projects\Nalanda 9-8-19\AndroidManifest.xml:46:9-41
	android:appComponentFactory
		ADDED from [com.android.support:support-compat:28.0.0] AndroidManifest.xml:22:18-91
	android:hardwareAccelerated
		ADDED from Projects\Nalanda 9-8-19\AndroidManifest.xml:44:9-43
	android:allowBackup
		ADDED from Projects\Nalanda 9-8-19\AndroidManifest.xml:43:9-36
	android:icon
		ADDED from Projects\Nalanda 9-8-19\AndroidManifest.xml:45:9-38
	android:largeHeap
		ADDED from Projects\Nalanda 9-8-19\AndroidManifest.xml:47:9-33
	android:networkSecurityConfig
		ADDED from Projects\Nalanda 9-8-19\AndroidManifest.xml:48:9-69
	android:theme
		ADDED from Projects\Nalanda 9-8-19\AndroidManifest.xml:49:9-40
	android:name
		ADDED from Projects\Nalanda 9-8-19\AndroidManifest.xml:42:9-63
activity#com.expedite.apps.nalanda.activity.TakeAppointmentListActivity
ADDED from Projects\Nalanda 9-8-19\AndroidManifest.xml:50:9-108
	android:name
		ADDED from Projects\Nalanda 9-8-19\AndroidManifest.xml:50:19-96
activity#com.expedite.apps.nalanda.activity.TakeAppointmentActivity
ADDED from Projects\Nalanda 9-8-19\AndroidManifest.xml:51:9-95
	android:name
		ADDED from Projects\Nalanda 9-8-19\AndroidManifest.xml:51:19-92
activity#com.expedite.apps.nalanda.activity.PracticeTestResultActivity
ADDED from Projects\Nalanda 9-8-19\AndroidManifest.xml:61:9-98
	android:name
		ADDED from Projects\Nalanda 9-8-19\AndroidManifest.xml:61:19-95
activity#com.expedite.apps.nalanda.activity.PracticeTestQAActivity
ADDED from Projects\Nalanda 9-8-19\AndroidManifest.xml:62:9-71:20
	android:name
		ADDED from Projects\Nalanda 9-8-19\AndroidManifest.xml:62:19-91
activity#com.expedite.apps.nalanda.activity.BtmNavigationActivity
ADDED from Projects\Nalanda 9-8-19\AndroidManifest.xml:73:9-75:69
	android:label
		ADDED from Projects\Nalanda 9-8-19\AndroidManifest.xml:75:13-66
	android:name
		ADDED from Projects\Nalanda 9-8-19\AndroidManifest.xml:74:13-84
activity#com.expedite.apps.nalanda.activity.DocumentsActivity
ADDED from Projects\Nalanda 9-8-19\AndroidManifest.xml:76:9-89
	android:name
		ADDED from Projects\Nalanda 9-8-19\AndroidManifest.xml:76:19-86
activity#com.expedite.apps.nalanda.SplashActivity
ADDED from Projects\Nalanda 9-8-19\AndroidManifest.xml:95:9-108:20
	android:screenOrientation
		ADDED from Projects\Nalanda 9-8-19\AndroidManifest.xml:99:13-49
	android:label
		ADDED from Projects\Nalanda 9-8-19\AndroidManifest.xml:98:13-45
	android:windowSoftInputMode
		ADDED from Projects\Nalanda 9-8-19\AndroidManifest.xml:101:13-64
	android:icon
		ADDED from Projects\Nalanda 9-8-19\AndroidManifest.xml:97:13-42
	android:theme
		ADDED from Projects\Nalanda 9-8-19\AndroidManifest.xml:100:13-50
	android:name
		ADDED from Projects\Nalanda 9-8-19\AndroidManifest.xml:96:13-68
intent-filter#android.intent.action.MAIN+android.intent.action.VIEW+android.intent.category.LAUNCHER
ADDED from Projects\Nalanda 9-8-19\AndroidManifest.xml:102:13-107:29
action#android.intent.action.VIEW
ADDED from Projects\Nalanda 9-8-19\AndroidManifest.xml:103:17-69
	android:name
		ADDED from Projects\Nalanda 9-8-19\AndroidManifest.xml:103:25-66
action#android.intent.action.MAIN
ADDED from Projects\Nalanda 9-8-19\AndroidManifest.xml:104:17-69
	android:name
		ADDED from Projects\Nalanda 9-8-19\AndroidManifest.xml:104:25-66
category#android.intent.category.LAUNCHER
ADDED from Projects\Nalanda 9-8-19\AndroidManifest.xml:106:17-77
	android:name
		ADDED from Projects\Nalanda 9-8-19\AndroidManifest.xml:106:27-74
activity#com.expedite.apps.nalanda.activity.LoginActivity
ADDED from Projects\Nalanda 9-8-19\AndroidManifest.xml:109:9-114:67
	android:screenOrientation
		ADDED from Projects\Nalanda 9-8-19\AndroidManifest.xml:112:13-49
	android:label
		ADDED from Projects\Nalanda 9-8-19\AndroidManifest.xml:111:13-45
	android:windowSoftInputMode
		ADDED from Projects\Nalanda 9-8-19\AndroidManifest.xml:114:13-64
	android:theme
		ADDED from Projects\Nalanda 9-8-19\AndroidManifest.xml:113:13-50
	android:name
		ADDED from Projects\Nalanda 9-8-19\AndroidManifest.xml:110:13-76
activity#com.expedite.apps.nalanda.activity.HomeActivity
ADDED from Projects\Nalanda 9-8-19\AndroidManifest.xml:115:9-120:67
	android:screenOrientation
		ADDED from Projects\Nalanda 9-8-19\AndroidManifest.xml:118:13-49
	android:label
		ADDED from Projects\Nalanda 9-8-19\AndroidManifest.xml:117:13-45
	android:windowSoftInputMode
		ADDED from Projects\Nalanda 9-8-19\AndroidManifest.xml:120:13-64
	android:theme
		ADDED from Projects\Nalanda 9-8-19\AndroidManifest.xml:119:13-44
	android:name
		ADDED from Projects\Nalanda 9-8-19\AndroidManifest.xml:116:13-75
activity#com.expedite.apps.nalanda.activity.ChangePinActivity
ADDED from Projects\Nalanda 9-8-19\AndroidManifest.xml:121:9-125:67
	android:screenOrientation
		ADDED from Projects\Nalanda 9-8-19\AndroidManifest.xml:124:13-49
	android:launchMode
		ADDED from Projects\Nalanda 9-8-19\AndroidManifest.xml:123:13-44
	android:windowSoftInputMode
		ADDED from Projects\Nalanda 9-8-19\AndroidManifest.xml:125:13-64
	android:name
		ADDED from Projects\Nalanda 9-8-19\AndroidManifest.xml:122:13-80
activity#com.expedite.apps.nalanda.activity.ProfileActivity
ADDED from Projects\Nalanda 9-8-19\AndroidManifest.xml:126:9-131:67
	android:screenOrientation
		ADDED from Projects\Nalanda 9-8-19\AndroidManifest.xml:130:13-49
	android:label
		ADDED from Projects\Nalanda 9-8-19\AndroidManifest.xml:128:13-64
	android:launchMode
		ADDED from Projects\Nalanda 9-8-19\AndroidManifest.xml:129:13-44
	android:windowSoftInputMode
		ADDED from Projects\Nalanda 9-8-19\AndroidManifest.xml:131:13-64
	android:name
		ADDED from Projects\Nalanda 9-8-19\AndroidManifest.xml:127:13-78
activity#com.expedite.apps.nalanda.activity.ParentsProfileActivity
ADDED from Projects\Nalanda 9-8-19\AndroidManifest.xml:132:9-137:67
	android:screenOrientation
		ADDED from Projects\Nalanda 9-8-19\AndroidManifest.xml:136:13-49
	android:label
		ADDED from Projects\Nalanda 9-8-19\AndroidManifest.xml:134:13-72
	android:launchMode
		ADDED from Projects\Nalanda 9-8-19\AndroidManifest.xml:135:13-44
	android:windowSoftInputMode
		ADDED from Projects\Nalanda 9-8-19\AndroidManifest.xml:137:13-64
	android:name
		ADDED from Projects\Nalanda 9-8-19\AndroidManifest.xml:133:13-85
activity#com.expedite.apps.nalanda.activity.StudentResultActvity
ADDED from Projects\Nalanda 9-8-19\AndroidManifest.xml:138:9-143:67
	android:screenOrientation
		ADDED from Projects\Nalanda 9-8-19\AndroidManifest.xml:142:13-49
	android:label
		ADDED from Projects\Nalanda 9-8-19\AndroidManifest.xml:140:13-63
	android:launchMode
		ADDED from Projects\Nalanda 9-8-19\AndroidManifest.xml:141:13-44
	android:windowSoftInputMode
		ADDED from Projects\Nalanda 9-8-19\AndroidManifest.xml:143:13-64
	android:name
		ADDED from Projects\Nalanda 9-8-19\AndroidManifest.xml:139:13-83
activity#com.expedite.apps.nalanda.activity.StudentListActivity
ADDED from Projects\Nalanda 9-8-19\AndroidManifest.xml:144:9-148:67
	android:screenOrientation
		ADDED from Projects\Nalanda 9-8-19\AndroidManifest.xml:147:13-49
	android:label
		ADDED from Projects\Nalanda 9-8-19\AndroidManifest.xml:146:13-64
	android:windowSoftInputMode
		ADDED from Projects\Nalanda 9-8-19\AndroidManifest.xml:148:13-64
	android:name
		ADDED from Projects\Nalanda 9-8-19\AndroidManifest.xml:145:13-82
activity#com.expedite.apps.nalanda.activity.AlbumWiseDetailActivity
ADDED from Projects\Nalanda 9-8-19\AndroidManifest.xml:149:9-154:67
	android:screenOrientation
		ADDED from Projects\Nalanda 9-8-19\AndroidManifest.xml:153:13-49
	android:label
		ADDED from Projects\Nalanda 9-8-19\AndroidManifest.xml:151:13-36
	android:windowSoftInputMode
		ADDED from Projects\Nalanda 9-8-19\AndroidManifest.xml:154:13-64
	android:largeHeap
		ADDED from Projects\Nalanda 9-8-19\AndroidManifest.xml:152:13-37
	android:name
		ADDED from Projects\Nalanda 9-8-19\AndroidManifest.xml:150:13-86
activity#com.expedite.apps.nalanda.activity.AlbumWiseDetailActivityNew
ADDED from Projects\Nalanda 9-8-19\AndroidManifest.xml:155:9-160:67
	android:screenOrientation
		ADDED from Projects\Nalanda 9-8-19\AndroidManifest.xml:159:13-49
	android:label
		ADDED from Projects\Nalanda 9-8-19\AndroidManifest.xml:157:13-36
	android:windowSoftInputMode
		ADDED from Projects\Nalanda 9-8-19\AndroidManifest.xml:160:13-64
	android:largeHeap
		ADDED from Projects\Nalanda 9-8-19\AndroidManifest.xml:158:13-37
	android:name
		ADDED from Projects\Nalanda 9-8-19\AndroidManifest.xml:156:13-89
activity#com.expedite.apps.nalanda.activity.MessagesMonthListActivity
ADDED from Projects\Nalanda 9-8-19\AndroidManifest.xml:161:9-165:67
	android:screenOrientation
		ADDED from Projects\Nalanda 9-8-19\AndroidManifest.xml:164:13-49
	android:label
		ADDED from Projects\Nalanda 9-8-19\AndroidManifest.xml:163:13-70
	android:windowSoftInputMode
		ADDED from Projects\Nalanda 9-8-19\AndroidManifest.xml:165:13-64
	android:name
		ADDED from Projects\Nalanda 9-8-19\AndroidManifest.xml:162:13-88
activity#com.expedite.apps.nalanda.activity.MessagesSelectedMonthActivity
ADDED from Projects\Nalanda 9-8-19\AndroidManifest.xml:166:9-170:67
	android:screenOrientation
		ADDED from Projects\Nalanda 9-8-19\AndroidManifest.xml:169:13-49
	android:label
		ADDED from Projects\Nalanda 9-8-19\AndroidManifest.xml:168:13-75
	android:windowSoftInputMode
		ADDED from Projects\Nalanda 9-8-19\AndroidManifest.xml:170:13-64
	android:name
		ADDED from Projects\Nalanda 9-8-19\AndroidManifest.xml:167:13-92
activity#com.expedite.apps.nalanda.activity.SingleMessageActivity
ADDED from Projects\Nalanda 9-8-19\AndroidManifest.xml:171:9-175:67
	android:screenOrientation
		ADDED from Projects\Nalanda 9-8-19\AndroidManifest.xml:174:13-49
	android:label
		ADDED from Projects\Nalanda 9-8-19\AndroidManifest.xml:173:13-71
	android:windowSoftInputMode
		ADDED from Projects\Nalanda 9-8-19\AndroidManifest.xml:175:13-64
	android:name
		ADDED from Projects\Nalanda 9-8-19\AndroidManifest.xml:172:13-84
activity#com.expedite.apps.nalanda.activity.ExamListActivity
ADDED from Projects\Nalanda 9-8-19\AndroidManifest.xml:176:9-180:67
	android:screenOrientation
		ADDED from Projects\Nalanda 9-8-19\AndroidManifest.xml:179:13-49
	android:label
		ADDED from Projects\Nalanda 9-8-19\AndroidManifest.xml:178:13-61
	android:windowSoftInputMode
		ADDED from Projects\Nalanda 9-8-19\AndroidManifest.xml:180:13-64
	android:name
		ADDED from Projects\Nalanda 9-8-19\AndroidManifest.xml:177:13-79
activity#com.expedite.apps.nalanda.activity.SchoolMatesListActivity
ADDED from Projects\Nalanda 9-8-19\AndroidManifest.xml:181:9-185:67
	android:screenOrientation
		ADDED from Projects\Nalanda 9-8-19\AndroidManifest.xml:184:13-49
	android:label
		ADDED from Projects\Nalanda 9-8-19\AndroidManifest.xml:183:13-76
	android:windowSoftInputMode
		ADDED from Projects\Nalanda 9-8-19\AndroidManifest.xml:185:13-64
	android:name
		ADDED from Projects\Nalanda 9-8-19\AndroidManifest.xml:182:13-86
activity#com.expedite.apps.nalanda.activity.ExamListMarksheetActivity
ADDED from Projects\Nalanda 9-8-19\AndroidManifest.xml:186:9-190:67
	android:screenOrientation
		ADDED from Projects\Nalanda 9-8-19\AndroidManifest.xml:189:13-49
	android:label
		ADDED from Projects\Nalanda 9-8-19\AndroidManifest.xml:188:13-71
	android:windowSoftInputMode
		ADDED from Projects\Nalanda 9-8-19\AndroidManifest.xml:190:13-64
	android:name
		ADDED from Projects\Nalanda 9-8-19\AndroidManifest.xml:187:13-88
activity#com.expedite.apps.nalanda.activity.MarksheetResultActivity
ADDED from Projects\Nalanda 9-8-19\AndroidManifest.xml:191:9-195:67
	android:screenOrientation
		ADDED from Projects\Nalanda 9-8-19\AndroidManifest.xml:194:13-49
	android:label
		ADDED from Projects\Nalanda 9-8-19\AndroidManifest.xml:193:13-73
	android:windowSoftInputMode
		ADDED from Projects\Nalanda 9-8-19\AndroidManifest.xml:195:13-64
	android:name
		ADDED from Projects\Nalanda 9-8-19\AndroidManifest.xml:192:13-86
activity#com.expedite.apps.nalanda.activity.StudentAttendanceViewActivity
ADDED from Projects\Nalanda 9-8-19\AndroidManifest.xml:196:9-200:67
	android:screenOrientation
		ADDED from Projects\Nalanda 9-8-19\AndroidManifest.xml:199:13-49
	android:label
		ADDED from Projects\Nalanda 9-8-19\AndroidManifest.xml:198:13-72
	android:windowSoftInputMode
		ADDED from Projects\Nalanda 9-8-19\AndroidManifest.xml:200:13-64
	android:name
		ADDED from Projects\Nalanda 9-8-19\AndroidManifest.xml:197:13-92
activity#com.expedite.apps.nalanda.activity.AboutActivity
ADDED from Projects\Nalanda 9-8-19\AndroidManifest.xml:201:9-205:67
	android:screenOrientation
		ADDED from Projects\Nalanda 9-8-19\AndroidManifest.xml:204:13-49
	android:label
		ADDED from Projects\Nalanda 9-8-19\AndroidManifest.xml:203:13-57
	android:windowSoftInputMode
		ADDED from Projects\Nalanda 9-8-19\AndroidManifest.xml:205:13-64
	android:name
		ADDED from Projects\Nalanda 9-8-19\AndroidManifest.xml:202:13-76
activity#com.expedite.apps.nalanda.activity.AddAccountActivity
ADDED from Projects\Nalanda 9-8-19\AndroidManifest.xml:206:9-210:67
	android:screenOrientation
		ADDED from Projects\Nalanda 9-8-19\AndroidManifest.xml:209:13-49
	android:label
		ADDED from Projects\Nalanda 9-8-19\AndroidManifest.xml:208:13-63
	android:windowSoftInputMode
		ADDED from Projects\Nalanda 9-8-19\AndroidManifest.xml:210:13-64
	android:name
		ADDED from Projects\Nalanda 9-8-19\AndroidManifest.xml:207:13-81
activity#com.expedite.apps.nalanda.activity.AddAccountoldActivity
ADDED from Projects\Nalanda 9-8-19\AndroidManifest.xml:211:9-215:67
	android:screenOrientation
		ADDED from Projects\Nalanda 9-8-19\AndroidManifest.xml:214:13-49
	android:label
		ADDED from Projects\Nalanda 9-8-19\AndroidManifest.xml:213:13-63
	android:windowSoftInputMode
		ADDED from Projects\Nalanda 9-8-19\AndroidManifest.xml:215:13-64
	android:name
		ADDED from Projects\Nalanda 9-8-19\AndroidManifest.xml:212:13-84
activity#com.expedite.apps.nalanda.activity.AccountListActivity
ADDED from Projects\Nalanda 9-8-19\AndroidManifest.xml:216:9-220:67
	android:screenOrientation
		ADDED from Projects\Nalanda 9-8-19\AndroidManifest.xml:219:13-49
	android:label
		ADDED from Projects\Nalanda 9-8-19\AndroidManifest.xml:218:13-64
	android:windowSoftInputMode
		ADDED from Projects\Nalanda 9-8-19\AndroidManifest.xml:220:13-64
	android:name
		ADDED from Projects\Nalanda 9-8-19\AndroidManifest.xml:217:13-82
activity#com.expedite.apps.nalanda.activity.AccountListRemoveActivity
ADDED from Projects\Nalanda 9-8-19\AndroidManifest.xml:221:9-225:67
	android:screenOrientation
		ADDED from Projects\Nalanda 9-8-19\AndroidManifest.xml:224:13-49
	android:label
		ADDED from Projects\Nalanda 9-8-19\AndroidManifest.xml:223:13-71
	android:windowSoftInputMode
		ADDED from Projects\Nalanda 9-8-19\AndroidManifest.xml:225:13-64
	android:name
		ADDED from Projects\Nalanda 9-8-19\AndroidManifest.xml:222:13-88
activity#com.expedite.apps.nalanda.activity.RedirectActivity
ADDED from Projects\Nalanda 9-8-19\AndroidManifest.xml:226:9-230:67
	android:screenOrientation
		ADDED from Projects\Nalanda 9-8-19\AndroidManifest.xml:229:13-49
	android:label
		ADDED from Projects\Nalanda 9-8-19\AndroidManifest.xml:228:13-60
	android:windowSoftInputMode
		ADDED from Projects\Nalanda 9-8-19\AndroidManifest.xml:230:13-64
	android:name
		ADDED from Projects\Nalanda 9-8-19\AndroidManifest.xml:227:13-79
activity#com.expedite.apps.nalanda.activity.NoticeActivity
ADDED from Projects\Nalanda 9-8-19\AndroidManifest.xml:231:9-235:67
	android:screenOrientation
		ADDED from Projects\Nalanda 9-8-19\AndroidManifest.xml:234:13-49
	android:label
		ADDED from Projects\Nalanda 9-8-19\AndroidManifest.xml:233:13-58
	android:windowSoftInputMode
		ADDED from Projects\Nalanda 9-8-19\AndroidManifest.xml:235:13-64
	android:name
		ADDED from Projects\Nalanda 9-8-19\AndroidManifest.xml:232:13-77
activity#com.expedite.apps.nalanda.activity.NotBoardActivity
ADDED from Projects\Nalanda 9-8-19\AndroidManifest.xml:236:9-240:67
	android:screenOrientation
		ADDED from Projects\Nalanda 9-8-19\AndroidManifest.xml:239:13-49
	android:label
		ADDED from Projects\Nalanda 9-8-19\AndroidManifest.xml:238:13-61
	android:windowSoftInputMode
		ADDED from Projects\Nalanda 9-8-19\AndroidManifest.xml:240:13-64
	android:name
		ADDED from Projects\Nalanda 9-8-19\AndroidManifest.xml:237:13-79
activity#com.expedite.apps.nalanda.activity.ImageZoomActivity
ADDED from Projects\Nalanda 9-8-19\AndroidManifest.xml:241:9-243:52
	android:screenOrientation
		ADDED from Projects\Nalanda 9-8-19\AndroidManifest.xml:243:13-49
	android:name
		ADDED from Projects\Nalanda 9-8-19\AndroidManifest.xml:242:13-80
activity#com.expedite.apps.nalanda.activity.StudentCircularActivity
ADDED from Projects\Nalanda 9-8-19\AndroidManifest.xml:244:9-248:67
	android:screenOrientation
		ADDED from Projects\Nalanda 9-8-19\AndroidManifest.xml:247:13-49
	android:label
		ADDED from Projects\Nalanda 9-8-19\AndroidManifest.xml:246:13-73
	android:windowSoftInputMode
		ADDED from Projects\Nalanda 9-8-19\AndroidManifest.xml:248:13-64
	android:name
		ADDED from Projects\Nalanda 9-8-19\AndroidManifest.xml:245:13-86
activity#com.expedite.apps.nalanda.activity.StudentCircularActivity_New
ADDED from Projects\Nalanda 9-8-19\AndroidManifest.xml:249:9-253:67
	android:screenOrientation
		ADDED from Projects\Nalanda 9-8-19\AndroidManifest.xml:252:13-49
	android:label
		ADDED from Projects\Nalanda 9-8-19\AndroidManifest.xml:251:13-73
	android:windowSoftInputMode
		ADDED from Projects\Nalanda 9-8-19\AndroidManifest.xml:253:13-64
	android:name
		ADDED from Projects\Nalanda 9-8-19\AndroidManifest.xml:250:13-90
activity#com.expedite.apps.nalanda.activity.AcademicYearActivity
ADDED from Projects\Nalanda 9-8-19\AndroidManifest.xml:254:9-258:67
	android:screenOrientation
		ADDED from Projects\Nalanda 9-8-19\AndroidManifest.xml:257:13-49
	android:label
		ADDED from Projects\Nalanda 9-8-19\AndroidManifest.xml:256:13-65
	android:windowSoftInputMode
		ADDED from Projects\Nalanda 9-8-19\AndroidManifest.xml:258:13-64
	android:name
		ADDED from Projects\Nalanda 9-8-19\AndroidManifest.xml:255:13-83
activity#com.expedite.apps.nalanda.activity.FeeCardActivity
ADDED from Projects\Nalanda 9-8-19\AndroidManifest.xml:259:9-263:67
	android:screenOrientation
		ADDED from Projects\Nalanda 9-8-19\AndroidManifest.xml:262:13-49
	android:label
		ADDED from Projects\Nalanda 9-8-19\AndroidManifest.xml:261:13-61
	android:windowSoftInputMode
		ADDED from Projects\Nalanda 9-8-19\AndroidManifest.xml:263:13-64
	android:name
		ADDED from Projects\Nalanda 9-8-19\AndroidManifest.xml:260:13-78
activity#com.google.android.gms.ads.AdActivity
ADDED from Projects\Nalanda 9-8-19\AndroidManifest.xml:264:9-266:125